# JRE version: OpenJDK Runtime Environment (11.0.10) (build 11.0.10+0-b96-7249189)
# Java VM: OpenJDK 64-Bit Server VM (11.0.10+0-b96-7249189, mixed mode, tiered, compressed oops, g1 gc, windows-amd64)
Heap:
 garbage-first heap   total 187392K, used 124101K [0x0000000080000000, 0x0000000100000000)
  region size 1024K, 8 young (8192K), 3 survivors (3072K)
 Metaspace       used 116894K, capacity 120722K, committed 121088K, reserved 1155072K
  class space    used 14747K, capacity 16015K, committed 16128K, reserved 1048576K
GC Heap History (20 events):
Event: 727.949 GC heap before
{Heap before GC invocations=73 (full 0):
 garbage-first heap   total 187392K, used 117698K [0x0000000080000000, 0x0000000100000000)
  region size 1024K, 9 young (9216K), 3 survivors (3072K)
 Metaspace       used 106870K, capacity 110110K, committed 110208K, reserved 1144832K
  class space    used 13577K, capacity 14680K, committed 14720K, reserved 1048576K
}
Event: 727.966 GC heap after
{Heap after GC invocations=74 (full 0):
 garbage-first heap   total 187392K, used 111765K [0x0000000080000000, 0x0000000100000000)
  region size 1024K, 1 young (1024K), 1 survivors (1024K)
 Metaspace       used 106870K, capacity 110110K, committed 110208K, reserved 1144832K
  class space    used 13577K, capacity 14680K, committed 14720K, reserved 1048576K
}
Event: 739.956 GC heap before
{Heap before GC invocations=74 (full 0):
 garbage-first heap   total 187392K, used 151701K [0x0000000080000000, 0x0000000100000000)
  region size 1024K, 40 young (40960K), 1 survivors (1024K)
 Metaspace       used 108814K, capacity 112202K, committed 112384K, reserved 1146880K
  class space    used 13823K, capacity 14979K, committed 15104K, reserved 1048576K
}
Event: 739.970 GC heap after
{Heap after GC invocations=75 (full 0):
 garbage-first heap   total 187392K, used 114195K [0x0000000080000000, 0x0000000100000000)
  region size 1024K, 4 young (4096K), 4 survivors (4096K)
 Metaspace       used 108814K, capacity 112202K, committed 112384K, reserved 1146880K
  class space    used 13823K, capacity 14979K, committed 15104K, reserved 1048576K
}
Event: 743.115 GC heap before
{Heap before GC invocations=76 (full 0):
 garbage-first heap   total 187392K, used 153107K [0x0000000080000000, 0x0000000100000000)
  region size 1024K, 42 young (43008K), 4 survivors (4096K)
 Metaspace       used 110492K, capacity 113961K, committed 114048K, reserved 1148928K
  class space    used 14006K, capacity 15211K, committed 15232K, reserved 1048576K
}
Event: 743.129 GC heap after
{Heap after GC invocations=77 (full 0):
 garbage-first heap   total 187392K, used 118456K [0x0000000080000000, 0x0000000100000000)
  region size 1024K, 6 young (6144K), 6 survivors (6144K)
 Metaspace       used 110492K, capacity 113961K, committed 114048K, reserved 1148928K
  class space    used 14006K, capacity 15211K, committed 15232K, reserved 1048576K
}
Event: 746.212 GC heap before
{Heap before GC invocations=77 (full 0):
 garbage-first heap   total 187392K, used 154296K [0x0000000080000000, 0x0000000100000000)
  region size 1024K, 42 young (43008K), 6 survivors (6144K)
 Metaspace       used 114634K, capacity 118134K, committed 118144K, reserved 1150976K
  class space    used 14555K, capacity 15744K, committed 15744K, reserved 1048576K
}
Event: 746.236 GC heap after
{Heap after GC invocations=78 (full 0):
 garbage-first heap   total 187392K, used 121157K [0x0000000080000000, 0x0000000100000000)
  region size 1024K, 3 young (3072K), 3 survivors (3072K)
 Metaspace       used 114634K, capacity 118134K, committed 118144K, reserved 1150976K
  class space    used 14555K, capacity 15744K, committed 15744K, reserved 1048576K
}
Event: 805.435 GC heap before
{Heap before GC invocations=79 (full 0):
 garbage-first heap   total 187392K, used 154949K [0x0000000080000000, 0x0000000100000000)
  region size 1024K, 37 young (37888K), 3 survivors (3072K)
 Metaspace       used 114888K, capacity 118404K, committed 118528K, reserved 1153024K
  class space    used 14576K, capacity 15760K, committed 15872K, reserved 1048576K
}
Event: 805.453 GC heap after
{Heap after GC invocations=80 (full 0):
 garbage-first heap   total 187392K, used 122669K [0x0000000080000000, 0x0000000100000000)
  region size 1024K, 5 young (5120K), 5 survivors (5120K)
 Metaspace       used 114888K, capacity 118404K, committed 118528K, reserved 1153024K
  class space    used 14576K, capacity 15760K, committed 15872K, reserved 1048576K
}
Event: 805.507 GC heap before
{Heap before GC invocations=80 (full 0):
 garbage-first heap   total 187392K, used 126765K [0x0000000080000000, 0x0000000100000000)
  region size 1024K, 9 young (9216K), 5 survivors (5120K)
 Metaspace       used 114890K, capacity 118404K, committed 118528K, reserved 1153024K
  class space    used 14576K, capacity 15760K, committed 15872K, reserved 1048576K
}
Event: 805.549 GC heap after
{Heap after GC invocations=81 (full 0):
 garbage-first heap   total 187392K, used 118600K [0x0000000080000000, 0x0000000100000000)
  region size 1024K, 2 young (2048K), 2 survivors (2048K)
 Metaspace       used 114890K, capacity 118404K, committed 118528K, reserved 1153024K
  class space    used 14576K, capacity 15760K, committed 15872K, reserved 1048576K
}
Event: 806.161 GC heap before
{Heap before GC invocations=81 (full 0):
 garbage-first heap   total 187392K, used 153416K [0x0000000080000000, 0x0000000100000000)
  region size 1024K, 37 young (37888K), 2 survivors (2048K)
 Metaspace       used 115256K, capacity 118932K, committed 119040K, reserved 1153024K
  class space    used 14615K, capacity 15862K, committed 15872K, reserved 1048576K
}
Event: 806.173 GC heap after
{Heap after GC invocations=82 (full 0):
 garbage-first heap   total 187392K, used 121620K [0x0000000080000000, 0x0000000100000000)
  region size 1024K, 5 young (5120K), 5 survivors (5120K)
 Metaspace       used 115256K, capacity 118932K, committed 119040K, reserved 1153024K
  class space    used 14615K, capacity 15862K, committed 15872K, reserved 1048576K
}
Event: 807.767 GC heap before
{Heap before GC invocations=83 (full 0):
 garbage-first heap   total 187392K, used 155412K [0x0000000080000000, 0x0000000100000000)
  region size 1024K, 38 young (38912K), 5 survivors (5120K)
 Metaspace       used 115545K, capacity 119331K, committed 119680K, reserved 1153024K
  class space    used 14631K, capacity 15877K, committed 16000K, reserved 1048576K
}
Event: 807.780 GC heap after
{Heap after GC invocations=84 (full 0):
 garbage-first heap   total 187392K, used 124150K [0x0000000080000000, 0x0000000100000000)
  region size 1024K, 3 young (3072K), 3 survivors (3072K)
 Metaspace       used 115545K, capacity 119331K, committed 119680K, reserved 1153024K
  class space    used 14631K, capacity 15877K, committed 16000K, reserved 1048576K
}
Event: 807.868 GC heap before
{Heap before GC invocations=84 (full 0):
 garbage-first heap   total 187392K, used 130294K [0x0000000080000000, 0x0000000100000000)
  region size 1024K, 9 young (9216K), 3 survivors (3072K)
 Metaspace       used 115584K, capacity 119337K, committed 119680K, reserved 1153024K
  class space    used 14631K, capacity 15877K, committed 16000K, reserved 1048576K
}
Event: 807.889 GC heap after
{Heap after GC invocations=85 (full 0):
 garbage-first heap   total 187392K, used 117848K [0x0000000080000000, 0x0000000100000000)
  region size 1024K, 1 young (1024K), 1 survivors (1024K)
 Metaspace       used 115584K, capacity 119337K, committed 119680K, reserved 1153024K
  class space    used 14631K, capacity 15877K, committed 16000K, reserved 1048576K
}
Event: 861.262 GC heap before
{Heap before GC invocations=85 (full 0):
 garbage-first heap   total 187392K, used 154712K [0x0000000080000000, 0x0000000100000000)
  region size 1024K, 37 young (37888K), 1 survivors (1024K)
 Metaspace       used 116854K, capacity 120716K, committed 120832K, reserved 1155072K
  class space    used 14745K, capacity 16013K, committed 16128K, reserved 1048576K
}
Event: 861.273 GC heap after
{Heap after GC invocations=86 (full 0):
 garbage-first heap   total 187392K, used 120005K [0x0000000080000000, 0x0000000100000000)
  region size 1024K, 3 young (3072K), 3 survivors (3072K)
 Metaspace       used 116854K, capacity 120716K, committed 120832K, reserved 1155072K
  class space    used 14745K, capacity 16013K, committed 16128K, reserved 1048576K
}

